2024-11-16 15:43:30 - INFO - Started
2024-11-16 15:43:30 - INFO - Finished
2024-11-16 15:43:55 - INFO - Started
2024-11-16 15:43:55 - INFO - Finished
2024-11-17 14:08:17 - INFO - Started
2024-11-17 14:08:27 - INFO - Started
2024-11-17 14:08:48 - INFO - Started
2024-11-17 14:08:56 - INFO - Started
2024-11-17 14:08:56 - INFO - Finished
2024-11-17 14:39:46 - INFO - Started
2024-11-17 14:39:46 - INFO - Finished
2024-11-17 14:40:45 - INFO - Started
2024-11-17 14:40:45 - INFO - Finished
2024-11-17 14:41:52 - INFO - Started
2024-11-17 14:41:52 - INFO - Finished
2024-11-17 14:47:45 - INFO - Started
2024-11-17 14:47:45 - INFO - Leser nodefil...
2024-11-17 14:47:45 - INFO - Nodefil lastet inn.
2024-11-17 14:47:45 - INFO - Finner alle gyldige stier...
2024-11-17 14:47:45 - INFO - Antall gyldige stier funnet: 4
2024-11-17 14:47:45 - INFO - Finished
2024-11-17 14:53:59 - INFO - Started
2024-11-17 14:53:59 - INFO - Leser nodefil...
2024-11-17 14:53:59 - ERROR - En feil oppstod: name 'nodefil_ugyldig' is not defined
2024-11-17 14:53:59 - INFO - Finished
2024-11-17 14:54:32 - INFO - Started
2024-11-17 14:54:32 - INFO - Leser nodefil...
2024-11-17 14:54:32 - INFO - Nodefil lastet inn.
2024-11-17 14:54:32 - INFO - Finner alle gyldige stier...
2024-11-17 14:54:32 - INFO - Antall gyldige stier funnet: 4
2024-11-17 14:54:32 - INFO - Finished
2024-11-17 14:54:34 - INFO - Started
2024-11-17 14:54:34 - INFO - Leser nodefil...
2024-11-17 14:54:34 - INFO - Nodefil lastet inn.
2024-11-17 14:54:34 - INFO - Finner alle gyldige stier...
2024-11-17 14:54:34 - INFO - Antall gyldige stier funnet: 4
2024-11-17 14:54:34 - INFO - Finished
2024-11-17 14:59:11 - INFO - Started
2024-11-17 14:59:11 - INFO - Leser nodefil...
2024-11-17 14:59:11 - ERROR - En feil oppstod: nodefil_ugyldig() missing 1 required positional argument: 'logger'
2024-11-17 14:59:11 - INFO - Finished
2024-11-17 15:00:03 - INFO - Started
2024-11-17 15:00:03 - INFO - Leser nodefil...
2024-11-17 15:00:03 - ERROR - En feil oppstod: '<' not supported between instances of 'str' and 'int'
2024-11-17 15:00:03 - INFO - Finished
2024-11-17 15:01:04 - INFO - Started
2024-11-17 15:01:04 - INFO - Leser nodefil...
2024-11-17 15:01:04 - ERROR - En feil oppstod: '<' not supported between instances of 'str' and 'int'
2024-11-17 15:01:04 - INFO - Finished
2024-11-17 15:02:23 - INFO - Started
2024-11-17 15:02:23 - INFO - Leser nodefil...
2024-11-17 15:02:23 - INFO - Nodefil lastet inn.
2024-11-17 15:02:23 - INFO - Finner alle gyldige stier...
2024-11-17 15:02:23 - INFO - Antall gyldige stier funnet: 4
2024-11-17 15:02:23 - INFO - Finished
2024-11-17 15:02:56 - INFO - Started
2024-11-17 15:02:56 - INFO - Leser nodefil...
2024-11-17 15:02:56 - INFO - Nodefil lastet inn.
2024-11-17 15:02:56 - INFO - Finner alle gyldige stier...
2024-11-17 15:02:56 - INFO - Antall gyldige stier funnet: 4
2024-11-17 15:02:56 - INFO - Finished
2024-11-17 15:03:12 - INFO - Started
2024-11-17 15:03:12 - INFO - Leser nodefil...
2024-11-17 15:03:12 - ERROR - S-node 1 har en ugyldig Samlepost-verdi: 1.
2024-11-17 15:03:12 - ERROR - Nodefilen er ugyldig. Avslutter programmet.
2024-11-17 15:03:12 - INFO - Finished
2024-11-17 15:03:31 - INFO - Started
2024-11-17 15:03:31 - INFO - Leser nodefil...
2024-11-17 15:03:31 - ERROR - S-node 1 har en ugyldig Samlepost-verdi: 1.
2024-11-17 15:03:31 - ERROR - Nodefilen er ugyldig. Avslutter programmet.
2024-11-17 15:03:31 - INFO - Finished
2024-11-17 15:03:37 - INFO - Started
2024-11-17 15:03:37 - INFO - Leser nodefil...
2024-11-17 15:03:37 - INFO - Nodefil lastet inn.
2024-11-17 15:03:37 - INFO - Finner alle gyldige stier...
2024-11-17 15:03:37 - INFO - Antall gyldige stier funnet: 4
2024-11-17 15:03:37 - INFO - Finished
